{"C:\\Users\\aguir\\Weather-App\\Weather-App\\components\\ui\\icon.tsx": {"path":"C:\\Users\\aguir\\Weather-App\\Weather-App\\components\\ui\\icon.tsx","statementMap":{"0":{"start":{"line":12,"column":2},"end":{"line":12,"column":38}},"1":{"start":{"line":15,"column":0},"end":{"line":23,"column":3}},"2":{"start":{"line":46,"column":20},"end":{"line":46,"column":54}},"3":{"start":{"line":47,"column":2},"end":{"line":54,"column":4}}},"fnMap":{"0":{"name":"IconImpl","decl":{"start":{"line":11,"column":9},"end":{"line":11,"column":17}},"loc":{"start":{"line":11,"column":62},"end":{"line":13,"column":1}},"line":11},"1":{"name":"Icon","decl":{"start":{"line":45,"column":9},"end":{"line":45,"column":13}},"loc":{"start":{"line":45,"column":80},"end":{"line":55,"column":1}},"line":45}},"branchMap":{"0":{"loc":{"start":{"line":45,"column":46},"end":{"line":45,"column":55}},"type":"default-arg","locations":[{"start":{"line":45,"column":53},"end":{"line":45,"column":55}}],"line":45}},"s":{"0":2,"1":1,"2":2,"3":2},"f":{"0":2,"1":2},"b":{"0":[2]},"_coverageSchema":"1a1c01bbd47fc00a2c39e90264f33305004495a9","hash":"4e9d9c1c8a695eac707ae937871499bc250e1584"}
,"C:\\Users\\aguir\\Weather-App\\Weather-App\\components\\ui\\text.tsx": {"path":"C:\\Users\\aguir\\Weather-App\\Weather-App\\components\\ui\\text.tsx","statementMap":{"0":{"start":{"line":7,"column":21},"end":{"line":43,"column":1}},"1":{"start":{"line":49,"column":49},"end":{"line":56,"column":1}},"2":{"start":{"line":58,"column":57},"end":{"line":63,"column":1}},"3":{"start":{"line":65,"column":25},"end":{"line":65,"column":75}},"4":{"start":{"line":76,"column":20},"end":{"line":76,"column":54}},"5":{"start":{"line":77,"column":20},"end":{"line":77,"column":48}},"6":{"start":{"line":78,"column":2},"end":{"line":85,"column":4}}},"fnMap":{"0":{"name":"Text","decl":{"start":{"line":67,"column":9},"end":{"line":67,"column":13}},"loc":{"start":{"line":75,"column":5},"end":{"line":86,"column":1}},"line":75}},"branchMap":{"0":{"loc":{"start":{"line":69,"column":2},"end":{"line":69,"column":17}},"type":"default-arg","locations":[{"start":{"line":69,"column":12},"end":{"line":69,"column":17}}],"line":69},"1":{"loc":{"start":{"line":70,"column":2},"end":{"line":70,"column":21}},"type":"default-arg","locations":[{"start":{"line":70,"column":12},"end":{"line":70,"column":21}}],"line":70},"2":{"loc":{"start":{"line":77,"column":20},"end":{"line":77,"column":48}},"type":"cond-expr","locations":[{"start":{"line":77,"column":30},"end":{"line":77,"column":39}},{"start":{"line":77,"column":42},"end":{"line":77,"column":48}}],"line":77},"3":{"loc":{"start":{"line":81,"column":12},"end":{"line":81,"column":47}},"type":"cond-expr","locations":[{"start":{"line":81,"column":22},"end":{"line":81,"column":35}},{"start":{"line":81,"column":38},"end":{"line":81,"column":47}}],"line":81},"4":{"loc":{"start":{"line":82,"column":18},"end":{"line":82,"column":59}},"type":"cond-expr","locations":[{"start":{"line":82,"column":28},"end":{"line":82,"column":47}},{"start":{"line":82,"column":50},"end":{"line":82,"column":59}}],"line":82}},"s":{"0":1,"1":1,"2":1,"3":1,"4":3,"5":3,"6":3},"f":{"0":3},"b":{"0":[3],"1":[3],"2":[0,3],"3":[3,0],"4":[3,0]},"_coverageSchema":"1a1c01bbd47fc00a2c39e90264f33305004495a9","hash":"159d7ef78230aa376095c418af27206d3299105a"}
,"C:\\Users\\aguir\\Weather-App\\Weather-App\\example\\index.tsx": {"path":"C:\\Users\\aguir\\Weather-App\\Weather-App\\example\\index.tsx","statementMap":{"0":{"start":{"line":5,"column":26},"end":{"line":5,"column":86}},"1":{"start":{"line":5,"column":63},"end":{"line":5,"column":86}},"2":{"start":{"line":7,"column":2},"end":{"line":11,"column":4}},"3":{"start":{"line":15,"column":15},"end":{"line":22,"column":2}}},"fnMap":{"0":{"name":"(anonymous_0)","decl":{"start":{"line":5,"column":26},"end":{"line":5,"column":27}},"loc":{"start":{"line":5,"column":63},"end":{"line":5,"column":86}},"line":5},"1":{"name":"HomeScreen","decl":{"start":{"line":6,"column":24},"end":{"line":6,"column":34}},"loc":{"start":{"line":6,"column":37},"end":{"line":12,"column":1}},"line":6}},"branchMap":{},"s":{"0":1,"1":1,"2":1,"3":1},"f":{"0":1,"1":1},"b":{},"_coverageSchema":"1a1c01bbd47fc00a2c39e90264f33305004495a9","hash":"6f960beaacfd6b8731a7becf8b347e5c1c18d07b"}
,"C:\\Users\\aguir\\Weather-App\\Weather-App\\lib\\utils.ts": {"path":"C:\\Users\\aguir\\Weather-App\\Weather-App\\lib\\utils.ts","statementMap":{"0":{"start":{"line":5,"column":2},"end":{"line":5,"column":31}}},"fnMap":{"0":{"name":"cn","decl":{"start":{"line":4,"column":16},"end":{"line":4,"column":18}},"loc":{"start":{"line":4,"column":44},"end":{"line":6,"column":1}},"line":4}},"branchMap":{},"s":{"0":11},"f":{"0":11},"b":{},"_coverageSchema":"1a1c01bbd47fc00a2c39e90264f33305004495a9","hash":"daa69e50cbebe766e2941872fa2466906f13618a"}
,"C:\\Users\\aguir\\Weather-App\\Weather-App\\src\\clima\\hoocks\\index.tsx": {"path":"C:\\Users\\aguir\\Weather-App\\Weather-App\\src\\clima\\hoocks\\index.tsx","statementMap":{"0":{"start":{"line":3,"column":39},"end":{"line":77,"column":1}},"1":{"start":{"line":14,"column":57},"end":{"line":39,"column":4}},"2":{"start":{"line":22,"column":24},"end":{"line":24,"column":7}},"3":{"start":{"line":26,"column":32},"end":{"line":28,"column":7}},"4":{"start":{"line":30,"column":26},"end":{"line":30,"column":48}},"5":{"start":{"line":31,"column":27},"end":{"line":31,"column":57}},"6":{"start":{"line":33,"column":6},"end":{"line":37,"column":8}},"7":{"start":{"line":41,"column":2},"end":{"line":76,"column":4}},"8":{"start":{"line":42,"column":25},"end":{"line":42,"column":34}},"9":{"start":{"line":43,"column":26},"end":{"line":43,"column":33}},"10":{"start":{"line":44,"column":27},"end":{"line":44,"column":36}},"11":{"start":{"line":46,"column":19},"end":{"line":46,"column":45}},"12":{"start":{"line":48,"column":31},"end":{"line":48,"column":78}},"13":{"start":{"line":49,"column":32},"end":{"line":49,"column":71}},"14":{"start":{"line":50,"column":35},"end":{"line":50,"column":77}},"15":{"start":{"line":51,"column":48},"end":{"line":51,"column":87}},"16":{"start":{"line":52,"column":38},"end":{"line":52,"column":75}},"17":{"start":{"line":53,"column":44},"end":{"line":53,"column":85}},"18":{"start":{"line":54,"column":44},"end":{"line":54,"column":85}},"19":{"start":{"line":57,"column":35},"end":{"line":57,"column":75}},"20":{"start":{"line":68,"column":10},"end":{"line":68,"column":79}},"21":{"start":{"line":71,"column":10},"end":{"line":71,"column":79}}},"fnMap":{"0":{"name":"(anonymous_0)","decl":{"start":{"line":3,"column":39},"end":{"line":3,"column":40}},"loc":{"start":{"line":13,"column":6},"end":{"line":77,"column":1}},"line":13},"1":{"name":"(anonymous_1)","decl":{"start":{"line":21,"column":13},"end":{"line":21,"column":14}},"loc":{"start":{"line":21,"column":25},"end":{"line":38,"column":5}},"line":21},"2":{"name":"(anonymous_2)","decl":{"start":{"line":42,"column":19},"end":{"line":42,"column":20}},"loc":{"start":{"line":42,"column":25},"end":{"line":42,"column":34}},"line":42},"3":{"name":"(anonymous_3)","decl":{"start":{"line":43,"column":20},"end":{"line":43,"column":21}},"loc":{"start":{"line":43,"column":26},"end":{"line":43,"column":33}},"line":43},"4":{"name":"(anonymous_4)","decl":{"start":{"line":44,"column":21},"end":{"line":44,"column":22}},"loc":{"start":{"line":44,"column":27},"end":{"line":44,"column":36}},"line":44},"5":{"name":"(anonymous_5)","decl":{"start":{"line":46,"column":12},"end":{"line":46,"column":13}},"loc":{"start":{"line":46,"column":19},"end":{"line":46,"column":45}},"line":46},"6":{"name":"(anonymous_6)","decl":{"start":{"line":48,"column":24},"end":{"line":48,"column":25}},"loc":{"start":{"line":48,"column":31},"end":{"line":48,"column":78}},"line":48},"7":{"name":"(anonymous_7)","decl":{"start":{"line":49,"column":25},"end":{"line":49,"column":26}},"loc":{"start":{"line":49,"column":32},"end":{"line":49,"column":71}},"line":49},"8":{"name":"(anonymous_8)","decl":{"start":{"line":50,"column":28},"end":{"line":50,"column":29}},"loc":{"start":{"line":50,"column":35},"end":{"line":50,"column":77}},"line":50},"9":{"name":"(anonymous_9)","decl":{"start":{"line":51,"column":41},"end":{"line":51,"column":42}},"loc":{"start":{"line":51,"column":48},"end":{"line":51,"column":87}},"line":51},"10":{"name":"(anonymous_10)","decl":{"start":{"line":52,"column":31},"end":{"line":52,"column":32}},"loc":{"start":{"line":52,"column":38},"end":{"line":52,"column":75}},"line":52},"11":{"name":"(anonymous_11)","decl":{"start":{"line":53,"column":37},"end":{"line":53,"column":38}},"loc":{"start":{"line":53,"column":44},"end":{"line":53,"column":85}},"line":53},"12":{"name":"(anonymous_12)","decl":{"start":{"line":54,"column":37},"end":{"line":54,"column":38}},"loc":{"start":{"line":54,"column":44},"end":{"line":54,"column":85}},"line":54},"13":{"name":"(anonymous_13)","decl":{"start":{"line":57,"column":28},"end":{"line":57,"column":29}},"loc":{"start":{"line":57,"column":35},"end":{"line":57,"column":75}},"line":57},"14":{"name":"(anonymous_14)","decl":{"start":{"line":67,"column":41},"end":{"line":67,"column":42}},"loc":{"start":{"line":68,"column":10},"end":{"line":68,"column":79}},"line":68},"15":{"name":"(anonymous_15)","decl":{"start":{"line":70,"column":41},"end":{"line":70,"column":42}},"loc":{"start":{"line":71,"column":10},"end":{"line":71,"column":79}},"line":71}},"branchMap":{"0":{"loc":{"start":{"line":46,"column":19},"end":{"line":46,"column":45}},"type":"binary-expr","locations":[{"start":{"line":46,"column":19},"end":{"line":46,"column":39}},{"start":{"line":46,"column":43},"end":{"line":46,"column":45}}],"line":46},"1":{"loc":{"start":{"line":48,"column":31},"end":{"line":48,"column":78}},"type":"cond-expr","locations":[{"start":{"line":48,"column":43},"end":{"line":48,"column":73}},{"start":{"line":48,"column":76},"end":{"line":48,"column":78}}],"line":48},"2":{"loc":{"start":{"line":49,"column":32},"end":{"line":49,"column":71}},"type":"cond-expr","locations":[{"start":{"line":49,"column":44},"end":{"line":49,"column":67}},{"start":{"line":49,"column":70},"end":{"line":49,"column":71}}],"line":49},"3":{"loc":{"start":{"line":50,"column":35},"end":{"line":50,"column":77}},"type":"cond-expr","locations":[{"start":{"line":50,"column":47},"end":{"line":50,"column":73}},{"start":{"line":50,"column":76},"end":{"line":50,"column":77}}],"line":50},"4":{"loc":{"start":{"line":51,"column":48},"end":{"line":51,"column":87}},"type":"cond-expr","locations":[{"start":{"line":51,"column":60},"end":{"line":51,"column":83}},{"start":{"line":51,"column":86},"end":{"line":51,"column":87}}],"line":51},"5":{"loc":{"start":{"line":52,"column":38},"end":{"line":52,"column":75}},"type":"cond-expr","locations":[{"start":{"line":52,"column":50},"end":{"line":52,"column":71}},{"start":{"line":52,"column":74},"end":{"line":52,"column":75}}],"line":52},"6":{"loc":{"start":{"line":53,"column":44},"end":{"line":53,"column":85}},"type":"cond-expr","locations":[{"start":{"line":53,"column":56},"end":{"line":53,"column":81}},{"start":{"line":53,"column":84},"end":{"line":53,"column":85}}],"line":53},"7":{"loc":{"start":{"line":54,"column":44},"end":{"line":54,"column":85}},"type":"cond-expr","locations":[{"start":{"line":54,"column":56},"end":{"line":54,"column":81}},{"start":{"line":54,"column":84},"end":{"line":54,"column":85}}],"line":54},"8":{"loc":{"start":{"line":57,"column":35},"end":{"line":57,"column":75}},"type":"cond-expr","locations":[{"start":{"line":57,"column":45},"end":{"line":57,"column":70}},{"start":{"line":57,"column":73},"end":{"line":57,"column":75}}],"line":57},"9":{"loc":{"start":{"line":59,"column":16},"end":{"line":75,"column":12}},"type":"cond-expr","locations":[{"start":{"line":60,"column":8},"end":{"line":74,"column":7}},{"start":{"line":75,"column":8},"end":{"line":75,"column":12}}],"line":59},"10":{"loc":{"start":{"line":68,"column":10},"end":{"line":68,"column":79}},"type":"cond-expr","locations":[{"start":{"line":68,"column":22},"end":{"line":68,"column":75}},{"start":{"line":68,"column":78},"end":{"line":68,"column":79}}],"line":68},"11":{"loc":{"start":{"line":68,"column":22},"end":{"line":68,"column":75}},"type":"binary-expr","locations":[{"start":{"line":68,"column":22},"end":{"line":68,"column":70}},{"start":{"line":68,"column":74},"end":{"line":68,"column":75}}],"line":68},"12":{"loc":{"start":{"line":71,"column":10},"end":{"line":71,"column":79}},"type":"cond-expr","locations":[{"start":{"line":71,"column":22},"end":{"line":71,"column":75}},{"start":{"line":71,"column":78},"end":{"line":71,"column":79}}],"line":71},"13":{"loc":{"start":{"line":71,"column":22},"end":{"line":71,"column":75}},"type":"binary-expr","locations":[{"start":{"line":71,"column":22},"end":{"line":71,"column":70}},{"start":{"line":71,"column":74},"end":{"line":71,"column":75}}],"line":71}},"s":{"0":1,"1":1,"2":1,"3":1,"4":0,"5":0,"6":0,"7":1,"8":0,"9":0,"10":0,"11":19,"12":0,"13":0,"14":0,"15":0,"16":0,"17":0,"18":0,"19":0,"20":0,"21":0},"f":{"0":1,"1":1,"2":0,"3":0,"4":0,"5":19,"6":0,"7":0,"8":0,"9":0,"10":0,"11":0,"12":0,"13":0,"14":0,"15":0},"b":{"0":[19,19],"1":[0,0],"2":[0,0],"3":[0,0],"4":[0,0],"5":[0,0],"6":[0,0],"7":[0,0],"8":[0,0],"9":[0,1],"10":[0,0],"11":[0,0],"12":[0,0],"13":[0,0]},"_coverageSchema":"1a1c01bbd47fc00a2c39e90264f33305004495a9","hash":"108f2932450ff0b423573a5e051725eaf70ebe49"}
,"C:\\Users\\aguir\\Weather-App\\Weather-App\\src\\clima\\proveedores\\index.tsx": {"path":"C:\\Users\\aguir\\Weather-App\\Weather-App\\src\\clima\\proveedores\\index.tsx","statementMap":{"0":{"start":{"line":4,"column":33},"end":{"line":4,"column":50}},"1":{"start":{"line":6,"column":33},"end":{"line":8,"column":1}},"2":{"start":{"line":7,"column":4},"end":{"line":7,"column":101}}},"fnMap":{"0":{"name":"(anonymous_0)","decl":{"start":{"line":6,"column":33},"end":{"line":6,"column":34}},"loc":{"start":{"line":6,"column":70},"end":{"line":8,"column":1}},"line":6}},"branchMap":{},"s":{"0":1,"1":1,"2":1},"f":{"0":1},"b":{},"_coverageSchema":"1a1c01bbd47fc00a2c39e90264f33305004495a9","hash":"815b98326514e2314c90196d57a73991722c7b5e"}
,"C:\\Users\\aguir\\Weather-App\\Weather-App\\src\\dias\\index.tsx": {"path":"C:\\Users\\aguir\\Weather-App\\Weather-App\\src\\dias\\index.tsx","statementMap":{"0":{"start":{"line":6,"column":21},"end":{"line":22,"column":1}},"1":{"start":{"line":7,"column":2},"end":{"line":21,"column":3}},"2":{"start":{"line":23,"column":24},"end":{"line":26,"column":1}},"3":{"start":{"line":24,"column":30},"end":{"line":24,"column":91}},"4":{"start":{"line":25,"column":4},"end":{"line":25,"column":67}}},"fnMap":{"0":{"name":"(anonymous_0)","decl":{"start":{"line":6,"column":21},"end":{"line":6,"column":22}},"loc":{"start":{"line":6,"column":81},"end":{"line":22,"column":1}},"line":6},"1":{"name":"(anonymous_1)","decl":{"start":{"line":23,"column":24},"end":{"line":23,"column":25}},"loc":{"start":{"line":23,"column":38},"end":{"line":26,"column":1}},"line":23}},"branchMap":{},"s":{"0":1,"1":1,"2":1,"3":3,"4":3},"f":{"0":1,"1":3},"b":{},"_coverageSchema":"1a1c01bbd47fc00a2c39e90264f33305004495a9","hash":"f5b760eaac9bda4d130cd3177934383575a9747f"}
,"C:\\Users\\aguir\\Weather-App\\Weather-App\\src\\localizacion\\index.tsx": {"path":"C:\\Users\\aguir\\Weather-App\\Weather-App\\src\\localizacion\\index.tsx","statementMap":{"0":{"start":{"line":4,"column":31},"end":{"line":33,"column":1}},"1":{"start":{"line":5,"column":45},"end":{"line":8,"column":6}},"2":{"start":{"line":9,"column":48},"end":{"line":11,"column":6}},"3":{"start":{"line":12,"column":4},"end":{"line":27,"column":10}},"4":{"start":{"line":14,"column":38},"end":{"line":14,"column":79}},"5":{"start":{"line":15,"column":12},"end":{"line":17,"column":13}},"6":{"start":{"line":16,"column":16},"end":{"line":16,"column":23}},"7":{"start":{"line":18,"column":33},"end":{"line":18,"column":66}},"8":{"start":{"line":19,"column":12},"end":{"line":22,"column":15}},"9":{"start":{"line":23,"column":12},"end":{"line":23,"column":58}},"10":{"start":{"line":26,"column":8},"end":{"line":26,"column":36}},"11":{"start":{"line":28,"column":2},"end":{"line":32,"column":4}},"12":{"start":{"line":29,"column":22},"end":{"line":29,"column":33}},"13":{"start":{"line":30,"column":30},"end":{"line":30,"column":78}},"14":{"start":{"line":31,"column":32},"end":{"line":31,"column":50}}},"fnMap":{"0":{"name":"(anonymous_0)","decl":{"start":{"line":4,"column":31},"end":{"line":4,"column":32}},"loc":{"start":{"line":4,"column":35},"end":{"line":33,"column":1}},"line":4},"1":{"name":"(anonymous_1)","decl":{"start":{"line":12,"column":14},"end":{"line":12,"column":15}},"loc":{"start":{"line":12,"column":18},"end":{"line":27,"column":5}},"line":12},"2":{"name":"obtenerLocalizacionActual","decl":{"start":{"line":13,"column":23},"end":{"line":13,"column":48}},"loc":{"start":{"line":13,"column":51},"end":{"line":25,"column":9}},"line":13},"3":{"name":"(anonymous_3)","decl":{"start":{"line":29,"column":17},"end":{"line":29,"column":18}},"loc":{"start":{"line":29,"column":22},"end":{"line":29,"column":33}},"line":29},"4":{"name":"(anonymous_4)","decl":{"start":{"line":30,"column":26},"end":{"line":30,"column":27}},"loc":{"start":{"line":30,"column":30},"end":{"line":30,"column":78}},"line":30},"5":{"name":"(anonymous_5)","decl":{"start":{"line":31,"column":27},"end":{"line":31,"column":28}},"loc":{"start":{"line":31,"column":32},"end":{"line":31,"column":50}},"line":31}},"branchMap":{"0":{"loc":{"start":{"line":15,"column":12},"end":{"line":17,"column":13}},"type":"if","locations":[{"start":{"line":15,"column":12},"end":{"line":17,"column":13}},{"start":{},"end":{}}],"line":15}},"s":{"0":1,"1":2,"2":2,"3":2,"4":1,"5":1,"6":0,"7":1,"8":1,"9":1,"10":1,"11":2,"12":6,"13":0,"14":0},"f":{"0":2,"1":1,"2":1,"3":6,"4":0,"5":0},"b":{"0":[0,1]},"_coverageSchema":"1a1c01bbd47fc00a2c39e90264f33305004495a9","hash":"1b71a0fe65a3e56a402db053890faafe2296546a"}
}
