TN:
SF:components\ui\icon.tsx
FN:11,IconImpl
FN:45,Icon
FNF:2
FNH:2
FNDA:2,IconImpl
FNDA:2,Icon
DA:12,2
DA:15,1
DA:46,2
DA:47,2
LF:4
LH:4
BRDA:45,0,0,2
BRF:1
BRH:1
end_of_record
TN:
SF:components\ui\text.tsx
FN:67,Text
FNF:1
FNH:1
FNDA:3,Text
DA:7,1
DA:49,1
DA:58,1
DA:65,1
DA:76,3
DA:77,3
DA:78,3
LF:7
LH:7
BRDA:69,0,0,3
BRDA:70,1,0,3
BRDA:77,2,0,0
BRDA:77,2,1,3
BRDA:81,3,0,3
BRDA:81,3,1,0
BRDA:82,4,0,3
BRDA:82,4,1,0
BRF:8
BRH:5
end_of_record
TN:
SF:example\index.tsx
FN:5,(anonymous_0)
FN:6,HomeScreen
FNF:2
FNH:2
FNDA:1,(anonymous_0)
FNDA:1,HomeScreen
DA:5,1
DA:7,1
DA:15,1
LF:3
LH:3
BRF:0
BRH:0
end_of_record
TN:
SF:lib\utils.ts
FN:4,cn
FNF:1
FNH:1
FNDA:11,cn
DA:5,11
LF:1
LH:1
BRF:0
BRH:0
end_of_record
TN:
SF:src\clima\hoocks\index.tsx
FN:3,(anonymous_0)
FN:21,(anonymous_1)
FN:42,(anonymous_2)
FN:43,(anonymous_3)
FN:44,(anonymous_4)
FN:46,(anonymous_5)
FN:48,(anonymous_6)
FN:49,(anonymous_7)
FN:50,(anonymous_8)
FN:51,(anonymous_9)
FN:52,(anonymous_10)
FN:53,(anonymous_11)
FN:54,(anonymous_12)
FN:57,(anonymous_13)
FN:67,(anonymous_14)
FN:70,(anonymous_15)
FNF:16
FNH:3
FNDA:1,(anonymous_0)
FNDA:1,(anonymous_1)
FNDA:0,(anonymous_2)
FNDA:0,(anonymous_3)
FNDA:0,(anonymous_4)
FNDA:19,(anonymous_5)
FNDA:0,(anonymous_6)
FNDA:0,(anonymous_7)
FNDA:0,(anonymous_8)
FNDA:0,(anonymous_9)
FNDA:0,(anonymous_10)
FNDA:0,(anonymous_11)
FNDA:0,(anonymous_12)
FNDA:0,(anonymous_13)
FNDA:0,(anonymous_14)
FNDA:0,(anonymous_15)
DA:3,1
DA:14,1
DA:22,1
DA:26,1
DA:30,0
DA:31,0
DA:33,0
DA:41,1
DA:42,0
DA:43,0
DA:44,0
DA:46,19
DA:48,0
DA:49,0
DA:50,0
DA:51,0
DA:52,0
DA:53,0
DA:54,0
DA:57,0
DA:68,0
DA:71,0
LF:22
LH:6
BRDA:46,0,0,19
BRDA:46,0,1,19
BRDA:48,1,0,0
BRDA:48,1,1,0
BRDA:49,2,0,0
BRDA:49,2,1,0
BRDA:50,3,0,0
BRDA:50,3,1,0
BRDA:51,4,0,0
BRDA:51,4,1,0
BRDA:52,5,0,0
BRDA:52,5,1,0
BRDA:53,6,0,0
BRDA:53,6,1,0
BRDA:54,7,0,0
BRDA:54,7,1,0
BRDA:57,8,0,0
BRDA:57,8,1,0
BRDA:59,9,0,0
BRDA:59,9,1,1
BRDA:68,10,0,0
BRDA:68,10,1,0
BRDA:68,11,0,0
BRDA:68,11,1,0
BRDA:71,12,0,0
BRDA:71,12,1,0
BRDA:71,13,0,0
BRDA:71,13,1,0
BRF:28
BRH:3
end_of_record
TN:
SF:src\clima\proveedores\index.tsx
FN:6,(anonymous_0)
FNF:1
FNH:1
FNDA:1,(anonymous_0)
DA:4,1
DA:6,1
DA:7,1
LF:3
LH:3
BRF:0
BRH:0
end_of_record
TN:
SF:src\dias\index.tsx
FN:6,(anonymous_0)
FN:23,(anonymous_1)
FNF:2
FNH:2
FNDA:1,(anonymous_0)
FNDA:3,(anonymous_1)
DA:6,1
DA:7,1
DA:23,1
DA:24,3
DA:25,3
LF:5
LH:5
BRF:0
BRH:0
end_of_record
TN:
SF:src\localizacion\index.tsx
FN:4,(anonymous_0)
FN:12,(anonymous_1)
FN:13,obtenerLocalizacionActual
FN:29,(anonymous_3)
FN:30,(anonymous_4)
FN:31,(anonymous_5)
FNF:6
FNH:4
FNDA:2,(anonymous_0)
FNDA:1,(anonymous_1)
FNDA:1,obtenerLocalizacionActual
FNDA:6,(anonymous_3)
FNDA:0,(anonymous_4)
FNDA:0,(anonymous_5)
DA:4,1
DA:5,2
DA:9,2
DA:12,2
DA:14,1
DA:15,1
DA:16,0
DA:18,1
DA:19,1
DA:23,1
DA:26,1
DA:28,2
DA:29,6
DA:30,0
DA:31,0
LF:15
LH:12
BRDA:15,0,0,0
BRDA:15,0,1,1
BRF:2
BRH:1
end_of_record
